<?xml version="1.0" encoding="UTF-8"?>
<!-- Generated by org.testng.reporters.JUnitXMLReporter -->
<testsuite ignored="10" hostname="vkzoomin996" failures="0" tests="1" name="Default test" time="0.033" errors="0" timestamp="2023-11-15T23:08:49 IST">
  <testcase classname="PatternPrgms.Numberpattern" name="nvj" time="0.005"/>
  <testcase classname="PatternPrgms.Numberpattern" name="pattern8" time="0.0">
    <ignored/>
  </testcase> <!-- pattern8 -->
  <testcase classname="PatternPrgms.Numberpattern" name="pattern9" time="0.0">
    <ignored/>
  </testcase> <!-- pattern9 -->
  <testcase classname="PatternPrgms.Numberpattern" name="pattern4" time="0.0">
    <ignored/>
  </testcase> <!-- pattern4 -->
  <testcase classname="PatternPrgms.Numberpattern" name="fejhj" time="0.0">
    <ignored/>
  </testcase> <!-- fejhj -->
  <testcase classname="PatternPrgms.Numberpattern" name="pattern5" time="0.0">
    <ignored/>
  </testcase> <!-- pattern5 -->
  <testcase classname="PatternPrgms.Numberpattern" name="pattern6" time="0.0">
    <ignored/>
  </testcase> <!-- pattern6 -->
  <testcase classname="PatternPrgms.Numberpattern" name="pattern7" time="0.0">
    <ignored/>
  </testcase> <!-- pattern7 -->
  <testcase classname="PatternPrgms.Numberpattern" name="pattern1" time="0.0">
    <ignored/>
  </testcase> <!-- pattern1 -->
  <testcase classname="PatternPrgms.Numberpattern" name="pattern2" time="0.0">
    <ignored/>
  </testcase> <!-- pattern2 -->
  <testcase classname="PatternPrgms.Numberpattern" name="pattern3" time="0.0">
    <ignored/>
  </testcase> <!-- pattern3 -->
</testsuite> <!-- Default test -->
