<?xml version="1.0" encoding="UTF-8"?>
<testng-results ignored="10" total="11" passed="1" failed="0" skipped="0">
  <reporter-output>
  </reporter-output>
  <suite started-at="2023-11-15T23:08:49 IST" name="Default suite" finished-at="2023-11-15T23:08:49 IST" duration-ms="33">
    <groups>
    </groups>
    <test started-at="2023-11-15T23:08:49 IST" name="Default test" finished-at="2023-11-15T23:08:49 IST" duration-ms="33">
      <class name="PatternPrgms.Numberpattern">
        <test-method signature="nvj()[pri:0, instance:PatternPrgms.Numberpattern@759d26fb]" started-at="2023-11-15T23:08:49 IST" name="nvj" finished-at="2023-11-15T23:08:49 IST" duration-ms="5" status="PASS">
          <reporter-output>
          </reporter-output>
        </test-method> <!-- nvj -->
      </class> <!-- PatternPrgms.Numberpattern -->
    </test> <!-- Default test -->
  </suite> <!-- Default suite -->
</testng-results>
